<?xml version="1.0" encoding="UTF-8"?>
<testng-results ignored="0" total="1" passed="1" failed="0" skipped="0">
  <reporter-output>
  </reporter-output>
  <suite started-at="2023-02-12T12:36:00 IST" name="Default suite" finished-at="2023-02-12T12:36:11 IST" duration-ms="10942">
    <groups>
    </groups>
    <test started-at="2023-02-12T12:36:00 IST" name="Default test" finished-at="2023-02-12T12:36:11 IST" duration-ms="10942">
      <class name="com.myWorld.automation.PositiveTest">
        <test-method signature="verifyWelcomePage()[pri:0, instance:com.myWorld.automation.PositiveTest@316bcf94]" started-at="2023-02-12T12:36:00 IST" name="verifyWelcomePage" finished-at="2023-02-12T12:36:11 IST" duration-ms="10909" status="PASS">
          <reporter-output>
          </reporter-output>
        </test-method> <!-- verifyWelcomePage -->
      </class> <!-- com.myWorld.automation.PositiveTest -->
    </test> <!-- Default test -->
  </suite> <!-- Default suite -->
</testng-results>
